2023-11-04 10:55:56,390 - my_logger - DEBUG - This is a debug message
2023-11-04 10:55:56,390 - my_logger - INFO - This is an info message
2023-11-04 10:55:56,390 - my_logger - WARNING - This is a warning message
2023-11-04 10:55:56,390 - my_logger - ERROR - This is an error message
2023-11-04 11:39:28,718 - my_logger - DEBUG - This is a debug message
2023-11-04 11:39:28,719 - my_logger - INFO - This is an info message
2023-11-04 11:39:28,720 - my_logger - WARNING - This is a warning message
2023-11-04 11:39:28,721 - my_logger - ERROR - This is an error message
2023-11-04 11:39:28,722 - my_logger - CRITICAL - This is a critical message
2023-11-04 11:39:29,830 - my_logger - DEBUG - This is a debug message
2023-11-04 11:39:29,835 - my_logger - INFO - This is an info message
2023-11-04 11:39:29,836 - my_logger - WARNING - This is a warning message
2023-11-04 11:39:29,836 - my_logger - ERROR - This is an error message
2023-11-04 11:39:29,837 - my_logger - CRITICAL - This is a critical message
2023-11-04 11:39:31,754 - my_logger - DEBUG - This is a debug message
2023-11-04 11:39:31,756 - my_logger - INFO - This is an info message
2023-11-04 11:39:31,757 - my_logger - WARNING - This is a warning message
2023-11-04 11:39:31,757 - my_logger - ERROR - This is an error message
2023-11-04 11:39:31,757 - my_logger - CRITICAL - This is a critical message
2023-11-04 11:45:46,547 - my_logger - DEBUG - This is a debug message
2023-11-04 11:45:46,547 - my_logger - DEBUG - This is a debug message
2023-11-04 11:45:46,548 - my_logger - INFO - This is an info message
2023-11-04 11:45:46,548 - my_logger - INFO - This is an info message
2023-11-04 11:45:46,549 - my_logger - WARNING - This is a warning message
2023-11-04 11:45:46,549 - my_logger - WARNING - This is a warning message
2023-11-04 11:45:46,549 - my_logger - ERROR - This is an error message
2023-11-04 11:45:46,549 - my_logger - ERROR - This is an error message
2023-11-04 11:48:15,317 - my_logger - DEBUG - This is a debug message
2023-11-04 11:48:15,317 - my_logger - DEBUG - This is a debug message
2023-11-04 11:48:15,318 - my_logger - INFO - This is an info message
2023-11-04 11:48:15,318 - my_logger - INFO - This is an info message
2023-11-04 11:48:15,321 - my_logger - WARNING - This is a warning message
2023-11-04 11:48:15,321 - my_logger - WARNING - This is a warning message
2023-11-04 11:48:15,323 - my_logger - ERROR - This is an error message
2023-11-04 11:48:15,323 - my_logger - ERROR - This is an error message
2023-11-04 11:48:15,324 - my_logger - CRITICAL - This is a critical message
2023-11-04 11:48:15,324 - my_logger - CRITICAL - This is a critical message
